<?xml version="1.0" encoding="UTF-8"?>
<testng-results ignored="0" total="1" passed="1" failed="0" skipped="0">
  <reporter-output>
  </reporter-output>
  <suite started-at="2020-02-17T14:22:00Z" name="Default suite" finished-at="2020-02-17T14:22:26Z" duration-ms="25791">
    <groups>
    </groups>
    <test started-at="2020-02-17T14:22:00Z" name="Default test" finished-at="2020-02-17T14:22:26Z" duration-ms="25791">
      <class name="com.xem.qa.testcases.LoginPageTest">
        <test-method is-config="true" signature="setup()[pri:0, instance:com.xem.qa.testcases.LoginPageTest@5ef5c734]" started-at="2020-02-17T14:22:00Z" name="setup" finished-at="2020-02-17T14:22:19Z" duration-ms="18225" status="PASS">
          <reporter-output>
          </reporter-output>
        </test-method> <!-- setup -->
        <test-method signature="loginTest()[pri:0, instance:com.xem.qa.testcases.LoginPageTest@5ef5c734]" started-at="2020-02-17T14:22:19Z" name="loginTest" finished-at="2020-02-17T14:22:26Z" duration-ms="7517" status="PASS">
          <reporter-output>
          </reporter-output>
        </test-method> <!-- loginTest -->
      </class> <!-- com.xem.qa.testcases.LoginPageTest -->
    </test> <!-- Default test -->
  </suite> <!-- Default suite -->
</testng-results>
